[INFO  - 2017-05-01T16:39:38.669Z] GhostDriver - Main - running on port 36829
[INFO  - 2017-05-01T16:39:39.815Z] Session [c5460910-2e8c-11e7-b3a3-d756de50223a] - page.settings - {"XSSAuditingEnabled":false,"javascriptCanCloseWindows":true,"javascriptCanOpenWindows":true,"javascriptEnabled":true,"loadImages":true,"localToRemoteUrlAccessEnabled":false,"userAgent":"Mozilla/5.0 (Windows NT 6.2; WOW64) AppleWebKit/538.1 (KHTML, like Gecko) PhantomJS/2.1.1 Safari/538.1","webSecurityEnabled":true}
[INFO  - 2017-05-01T16:39:39.816Z] Session [c5460910-2e8c-11e7-b3a3-d756de50223a] - page.customHeaders:  - {}
[INFO  - 2017-05-01T16:39:39.816Z] Session [c5460910-2e8c-11e7-b3a3-d756de50223a] - Session.negotiatedCapabilities - {"browserName":"phantomjs","version":"2.1.1","driverName":"ghostdriver","driverVersion":"1.2.0","platform":"windows-10-32bit","javascriptEnabled":true,"takesScreenshot":true,"handlesAlerts":false,"databaseEnabled":false,"locationContextEnabled":false,"applicationCacheEnabled":false,"browserConnectionEnabled":false,"cssSelectorsEnabled":true,"webStorageEnabled":false,"rotatable":false,"acceptSslCerts":false,"nativeEvents":true,"proxy":{"proxyType":"direct"}}
[INFO  - 2017-05-01T16:39:39.817Z] SessionManagerReqHand - _postNewSessionCommand - New Session Created: c5460910-2e8c-11e7-b3a3-d756de50223a
[INFO  - 2017-05-01T16:40:17.466Z] ShutdownReqHand - _handle - About to shutdown
[INFO  - 2017-05-01T17:00:34.130Z] GhostDriver - Main - running on port 10427
[INFO  - 2017-05-01T17:00:34.899Z] Session [b15be480-2e8f-11e7-bb60-4d0c7f16f555] - page.settings - {"XSSAuditingEnabled":false,"javascriptCanCloseWindows":true,"javascriptCanOpenWindows":true,"javascriptEnabled":true,"loadImages":true,"localToRemoteUrlAccessEnabled":false,"userAgent":"Mozilla/5.0 (Windows NT 6.2; WOW64) AppleWebKit/538.1 (KHTML, like Gecko) PhantomJS/2.1.1 Safari/538.1","webSecurityEnabled":true}
[INFO  - 2017-05-01T17:00:34.899Z] Session [b15be480-2e8f-11e7-bb60-4d0c7f16f555] - page.customHeaders:  - {}
[INFO  - 2017-05-01T17:00:34.899Z] Session [b15be480-2e8f-11e7-bb60-4d0c7f16f555] - Session.negotiatedCapabilities - {"browserName":"phantomjs","version":"2.1.1","driverName":"ghostdriver","driverVersion":"1.2.0","platform":"windows-10-32bit","javascriptEnabled":true,"takesScreenshot":true,"handlesAlerts":false,"databaseEnabled":false,"locationContextEnabled":false,"applicationCacheEnabled":false,"browserConnectionEnabled":false,"cssSelectorsEnabled":true,"webStorageEnabled":false,"rotatable":false,"acceptSslCerts":false,"nativeEvents":true,"proxy":{"proxyType":"direct"}}
[INFO  - 2017-05-01T17:00:34.900Z] SessionManagerReqHand - _postNewSessionCommand - New Session Created: b15be480-2e8f-11e7-bb60-4d0c7f16f555
[INFO  - 2017-05-01T17:00:45.884Z] ShutdownReqHand - _handle - About to shutdown
[INFO  - 2017-05-01T17:10:52.929Z] GhostDriver - Main - running on port 57542
[INFO  - 2017-05-01T17:10:53.565Z] Session [221dbf80-2e91-11e7-a269-5deee18941f6] - page.settings - {"XSSAuditingEnabled":false,"javascriptCanCloseWindows":true,"javascriptCanOpenWindows":true,"javascriptEnabled":true,"loadImages":true,"localToRemoteUrlAccessEnabled":false,"userAgent":"Mozilla/5.0 (Windows NT 6.2; WOW64) AppleWebKit/538.1 (KHTML, like Gecko) PhantomJS/2.1.1 Safari/538.1","webSecurityEnabled":true}
[INFO  - 2017-05-01T17:10:53.566Z] Session [221dbf80-2e91-11e7-a269-5deee18941f6] - page.customHeaders:  - {}
[INFO  - 2017-05-01T17:10:53.566Z] Session [221dbf80-2e91-11e7-a269-5deee18941f6] - Session.negotiatedCapabilities - {"browserName":"phantomjs","version":"2.1.1","driverName":"ghostdriver","driverVersion":"1.2.0","platform":"windows-10-32bit","javascriptEnabled":true,"takesScreenshot":true,"handlesAlerts":false,"databaseEnabled":false,"locationContextEnabled":false,"applicationCacheEnabled":false,"browserConnectionEnabled":false,"cssSelectorsEnabled":true,"webStorageEnabled":false,"rotatable":false,"acceptSslCerts":false,"nativeEvents":true,"proxy":{"proxyType":"direct"}}
[INFO  - 2017-05-01T17:10:53.566Z] SessionManagerReqHand - _postNewSessionCommand - New Session Created: 221dbf80-2e91-11e7-a269-5deee18941f6
[INFO  - 2017-05-01T17:11:26.746Z] ShutdownReqHand - _handle - About to shutdown
[INFO  - 2017-05-01T17:33:50.979Z] GhostDriver - Main - running on port 49840
[INFO  - 2017-05-01T17:33:51.609Z] Session [577dcff0-2e94-11e7-bde0-ad8104e8502d] - page.settings - {"XSSAuditingEnabled":false,"javascriptCanCloseWindows":true,"javascriptCanOpenWindows":true,"javascriptEnabled":true,"loadImages":true,"localToRemoteUrlAccessEnabled":false,"userAgent":"Mozilla/5.0 (Windows NT 6.2; WOW64) AppleWebKit/538.1 (KHTML, like Gecko) PhantomJS/2.1.1 Safari/538.1","webSecurityEnabled":true}
[INFO  - 2017-05-01T17:33:51.610Z] Session [577dcff0-2e94-11e7-bde0-ad8104e8502d] - page.customHeaders:  - {}
[INFO  - 2017-05-01T17:33:51.610Z] Session [577dcff0-2e94-11e7-bde0-ad8104e8502d] - Session.negotiatedCapabilities - {"browserName":"phantomjs","version":"2.1.1","driverName":"ghostdriver","driverVersion":"1.2.0","platform":"windows-10-32bit","javascriptEnabled":true,"takesScreenshot":true,"handlesAlerts":false,"databaseEnabled":false,"locationContextEnabled":false,"applicationCacheEnabled":false,"browserConnectionEnabled":false,"cssSelectorsEnabled":true,"webStorageEnabled":false,"rotatable":false,"acceptSslCerts":false,"nativeEvents":true,"proxy":{"proxyType":"direct"}}
[INFO  - 2017-05-01T17:33:51.610Z] SessionManagerReqHand - _postNewSessionCommand - New Session Created: 577dcff0-2e94-11e7-bde0-ad8104e8502d
[INFO  - 2017-05-01T17:34:31.507Z] ShutdownReqHand - _handle - About to shutdown
